{"action":6,"origin":"ch1","date":"2024-12-13T00:32:35","phones":[],"objects":[],"characters":[1],"vehicles":[],"interiors":[],"accounts":[],"content":" Updated vehicle #3 from library.","factions":[]}
{"action":6,"origin":"ch1","date":"2024-12-13T00:32:52","phones":[],"objects":[],"characters":[1],"vehicles":[],"interiors":[],"accounts":[],"content":" Updated vehicle #4 from library.","factions":[]}
{"action":6,"origin":"ch1","date":"2024-12-13T00:32:59","phones":[],"objects":[],"characters":[1],"vehicles":[],"interiors":[],"accounts":[],"content":" Updated vehicle #5 from library.","factions":[]}
{"action":6,"origin":"ch1","date":"2024-12-13T00:33:05","phones":[],"objects":[],"characters":[1],"vehicles":[],"interiors":[],"accounts":[],"content":" Updated vehicle #6 from library.","factions":[]}
{"action":6,"origin":"ch1","date":"2024-12-13T00:33:15","phones":[],"objects":[],"characters":[1],"vehicles":[],"interiors":[],"accounts":[],"content":" Updated vehicle #8 from library.","factions":[]}
{"action":6,"origin":"ch1","date":"2024-12-13T00:33:23","phones":[],"objects":[],"characters":[1],"vehicles":[],"interiors":[],"accounts":[],"content":" Updated vehicle #9 from library.","factions":[]}
{"action":6,"origin":"ch1","date":"2024-12-13T00:33:27","phones":[],"objects":[],"characters":[1],"vehicles":[],"interiors":[],"accounts":[],"content":" Updated vehicle #10 from library.","factions":[]}
{"action":6,"origin":"ch1","date":"2024-12-13T00:33:31","phones":[],"objects":[],"characters":[1],"vehicles":[],"interiors":[],"accounts":[],"content":" Updated vehicle #11 from library.","factions":[]}
{"action":6,"origin":"ch1","date":"2024-12-13T00:33:39","phones":[],"objects":[],"characters":[1],"vehicles":[],"interiors":[],"accounts":[],"content":" Updated vehicle #13 from library.","factions":[]}
{"action":6,"origin":"ch1","date":"2024-12-13T00:33:43","phones":[],"objects":[],"characters":[1],"vehicles":[],"interiors":[],"accounts":[],"content":" Updated vehicle #14 from library.","factions":[]}
{"action":6,"origin":"ch1","date":"2024-12-13T00:33:47","phones":[],"objects":[],"characters":[1],"vehicles":[],"interiors":[],"accounts":[],"content":" Updated vehicle #15 from library.","factions":[]}
{"action":6,"origin":"ch1","date":"2024-12-13T00:33:55","phones":[],"objects":[],"characters":[1],"vehicles":[],"interiors":[],"accounts":[],"content":" Updated vehicle #17 from library.","factions":[]}
{"action":6,"origin":"ch1","date":"2024-12-13T00:33:58","phones":[],"objects":[],"characters":[1],"vehicles":[],"interiors":[],"accounts":[],"content":" Updated vehicle #18 from library.","factions":[]}
{"action":6,"origin":"ch1","date":"2024-12-13T00:34:02","phones":[],"objects":[],"characters":[1],"vehicles":[],"interiors":[],"accounts":[],"content":" Updated vehicle #19 from library.","factions":[]}
{"action":40,"origin":"ch1","date":"2024-12-13T00:42:28","phones":[],"objects":[],"characters":[1],"vehicles":[],"interiors":[],"accounts":[],"content":"Garrett Lewison looks at their Watch.","factions":[]}
{"action":31,"origin":"ch1","date":"2024-12-13T00:43:54","phones":[],"objects":[],"characters":[1],"vehicles":[],"interiors":[8],"accounts":[],"content":"ENTERED","factions":[]}
{"action":31,"origin":"ch1","date":"2024-12-13T00:44:00","phones":[],"objects":[],"characters":[1],"vehicles":[],"interiors":[8],"accounts":[],"content":"EXITED","factions":[]}
{"action":31,"origin":"ch1","date":"2024-12-13T00:45:29","phones":[],"objects":[],"characters":[1],"vehicles":[],"interiors":[8],"accounts":[],"content":"ENTERED","factions":[]}
{"action":27,"origin":"ac1","date":"2024-12-13T00:45:36","phones":[],"objects":[],"characters":[1],"vehicles":[],"interiors":[],"accounts":[1],"content":"Disconnected (Quit) (Name: Garrett_Lewison)","factions":[]}
{"action":27,"origin":"ac1","date":"2024-12-13T00:46:13","phones":[],"objects":[],"characters":[],"vehicles":[],"interiors":[],"accounts":[1],"content":"Connected from 107.10.49.163 - BE533B49B3D0888CD0EA595A18A33B80","factions":[]}
{"action":27,"origin":"ac1","date":"2024-12-13T00:46:21","phones":[],"objects":[],"characters":[1],"vehicles":[],"interiors":[],"accounts":[1],"content":"Spawned","factions":[]}
{"action":31,"origin":"ch1","date":"2024-12-13T00:46:26","phones":[],"objects":[],"characters":[1],"vehicles":[],"interiors":[8],"accounts":[],"content":"EXITED","factions":[]}
{"action":27,"origin":"ac1","date":"2024-12-13T00:49:55","phones":[],"objects":[],"characters":[0],"vehicles":[],"interiors":[],"accounts":[1],"content":"Went to character selection","factions":[]}
{"action":27,"origin":"ac1","date":"2024-12-13T00:50:00","phones":[],"objects":[],"characters":[1],"vehicles":[],"interiors":[],"accounts":[1],"content":"Spawned","factions":[]}
{"action":39,"origin":"ch1","date":"2024-12-13T01:01:30","phones":[],"objects":[],"characters":[1],"vehicles":[],"interiors":[],"accounts":[],"content":"Garrett_Lewison -> ~World #29 - Money - 2523 @ (2247.031, -1659.4927, 14.285584) in (int 0, dim 0)","factions":[]}
{"action":40,"origin":"ch1","date":"2024-12-13T01:01:30","phones":[],"objects":[],"characters":[1],"vehicles":[],"interiors":[],"accounts":[],"content":"Garrett Lewison dropped $2,523.","factions":[]}
{"action":39,"origin":"ch1","date":"2024-12-13T01:01:33","phones":[],"objects":[29],"characters":[],"vehicles":[],"interiors":[],"accounts":[],"content":"~World #29 @ (2247.0310058594, -1659.4926757812, 14.325584411621) in (int 0, dim 0) ->Garrett_Lewison - Money - 2523","factions":[]}
{"action":40,"origin":"ch1","date":"2024-12-13T01:01:33","phones":[],"objects":[],"characters":[1],"vehicles":[],"interiors":[],"accounts":[],"content":"Garrett Lewison bends over and picks up $2,523.","factions":[]}
{"action":40,"origin":"ch1","date":"2024-12-13T01:10:44","phones":[],"objects":[],"characters":[1],"vehicles":[],"interiors":[],"accounts":[],"content":"Garrett Lewison presses on the key to unlock the vehicle. ((2006 Ford Fusion))","factions":[]}
{"action":31,"origin":"ch1","date":"2024-12-13T01:10:44","phones":[],"objects":[],"characters":[],"vehicles":[2],"interiors":[],"accounts":[],"content":"UNLOCK FROM OUTSIDE","factions":[]}
{"action":31,"origin":"ch1","date":"2024-12-13T01:11:03","phones":[],"objects":[],"characters":[1],"vehicles":[2],"interiors":[],"accounts":[],"content":"STARTED ENGINE","factions":[]}
{"action":27,"origin":"ac3","date":"2024-12-13T01:11:17","phones":[],"objects":[],"characters":[],"vehicles":[],"interiors":[],"accounts":[3],"content":"Connected from 173.216.156.145 - 994CF2C417646F0EEC2377D03036AA54","factions":[]}
{"action":27,"origin":"ac3","date":"2024-12-13T01:12:31","phones":[],"objects":[],"characters":[3],"vehicles":[],"interiors":[],"accounts":[3],"content":"Created","factions":[]}
{"action":27,"origin":"ac3","date":"2024-12-13T01:12:31","phones":[],"objects":[],"characters":[3],"vehicles":[],"interiors":[],"accounts":[3],"content":"Spawned","factions":[]}
{"action":26,"origin":"ch3","date":"2024-12-13T01:13:28","phones":[],"objects":[],"characters":[3],"vehicles":[],"interiors":[],"accounts":[],"content":"Purchase logs: FREE GAMECOINS AWARD! (SCRIPTER SKOOZEBLOOD) - Cost: 200 GCs","factions":[]}
{"action":4,"origin":"ch1","date":"2024-12-13T01:13:28","phones":[],"objects":[],"characters":[3],"vehicles":[],"interiors":[],"accounts":[],"content":"givegc GCs: 200 Reason: Merry Xmas :)","factions":[]}
{"action":7,"origin":"ch3","date":"2024-12-13T01:14:30","phones":[],"objects":[],"characters":[3],"vehicles":[],"interiors":[],"accounts":[],"content":"English: Yoo","factions":[]}
{"action":40,"origin":"ch1","date":"2024-12-13T01:14:31","phones":[],"objects":[],"characters":[1],"vehicles":[],"interiors":[],"accounts":[],"content":"Garrett Lewison buckles in their seatbelt.","factions":[]}
{"action":8,"origin":"ch3","date":"2024-12-13T01:14:44","phones":[],"objects":[],"characters":[3],"vehicles":[],"interiors":[],"accounts":[],"content":"bro ?","factions":[]}
{"action":40,"origin":"ch1","date":"2024-12-13T01:15:11","phones":[],"objects":[],"characters":[1],"vehicles":[],"interiors":[],"accounts":[],"content":"Garrett Lewison unbuckles their seatbelt.","factions":[]}
{"action":4,"origin":"ch1","date":"2024-12-13T01:15:14","phones":[],"objects":[],"characters":[3],"vehicles":[],"interiors":[],"accounts":[],"content":"RECON","factions":[]}
{"action":31,"origin":"ch1","date":"2024-12-13T01:15:19","phones":[],"objects":[],"characters":[1],"vehicles":[2],"interiors":[],"accounts":[],"content":"STARTED ENGINE","factions":[]}
{"action":40,"origin":"ch1","date":"2024-12-13T01:15:25","phones":[],"objects":[],"characters":[1],"vehicles":[],"interiors":[],"accounts":[],"content":"Garrett Lewison buckles in their seatbelt.","factions":[]}
{"action":27,"origin":"ac3","date":"2024-12-13T01:15:27","phones":[],"objects":[],"characters":[0],"vehicles":[],"interiors":[],"accounts":[3],"content":"Went to character selection","factions":[]}
{"action":27,"origin":"ac3","date":"2024-12-13T01:15:47","phones":[],"objects":[],"characters":[3],"vehicles":[],"interiors":[],"accounts":[3],"content":"Spawned","factions":[]}
{"action":40,"origin":"ch1","date":"2024-12-13T01:16:15","phones":[],"objects":[],"characters":[1,3],"vehicles":[],"interiors":[],"accounts":[],"content":"Garrett Lewison rolls their windows down.","factions":[]}
{"action":7,"origin":"ch1","date":"2024-12-13T01:16:18","phones":[],"objects":[],"characters":[1,3],"vehicles":[],"interiors":[],"accounts":[],"content":"English: Sup!","factions":[]}
{"action":7,"origin":"ch1","date":"2024-12-13T01:16:21","phones":[],"objects":[],"characters":[1,3],"vehicles":[],"interiors":[],"accounts":[],"content":"English: Aye","factions":[]}
{"action":40,"origin":"ch1","date":"2024-12-13T01:16:21","phones":[],"objects":[],"characters":[1,3],"vehicles":[],"interiors":[],"accounts":[],"content":"Garrett Lewison unbuckles their seatbelt.","factions":[]}
{"action":7,"origin":"ch1","date":"2024-12-13T01:16:31","phones":[],"objects":[],"characters":[1,3],"vehicles":[],"interiors":[],"accounts":[],"content":"English: Hop in homie!","factions":[]}
{"action":7,"origin":"ch3","date":"2024-12-13T01:16:35","phones":[],"objects":[],"characters":[3,1],"vehicles":[],"interiors":[],"accounts":[],"content":"English: My bad.","factions":[]}
{"action":7,"origin":"ch3","date":"2024-12-13T01:16:51","phones":[],"objects":[],"characters":[3,1],"vehicles":[],"interiors":[],"accounts":[],"content":"English: Bet bro.","factions":[]}
{"action":7,"origin":"ch1","date":"2024-12-13T01:16:54","phones":[],"objects":[],"characters":[1,3],"vehicles":[],"interiors":[],"accounts":[],"content":"English: All good man.","factions":[]}
{"action":8,"origin":"ch1","date":"2024-12-13T01:17:06","phones":[],"objects":[],"characters":[1,3],"vehicles":[],"interiors":[],"accounts":[],"content":"g","factions":[]}
{"action":8,"origin":"ch1","date":"2024-12-13T01:17:08","phones":[],"objects":[],"characters":[1,3],"vehicles":[],"interiors":[],"accounts":[],"content":"for passenger","factions":[]}
{"action":7,"origin":"ch1","date":"2024-12-13T01:17:21","phones":[],"objects":[],"characters":[1,3],"vehicles":[],"interiors":[],"accounts":[],"content":"English: Welcome to the city bro!","factions":[]}
{"action":7,"origin":"ch1","date":"2024-12-13T01:17:22","phones":[],"objects":[],"characters":[1,3],"vehicles":[],"interiors":[],"accounts":[],"content":"English: It's cold!","factions":[]}
{"action":7,"origin":"ch3","date":"2024-12-13T01:17:46","phones":[],"objects":[],"characters":[3,1],"vehicles":[],"interiors":[],"accounts":[],"content":"English: Cold as a motherfucker !","factions":[]}
{"action":7,"origin":"ch1","date":"2024-12-13T01:17:49","phones":[],"objects":[],"characters":[1,3],"vehicles":[],"interiors":[],"accounts":[],"content":"English: On god.","factions":[]}
{"action":7,"origin":"ch1","date":"2024-12-13T01:18:00","phones":[],"objects":[],"characters":[1,3],"vehicles":[],"interiors":[],"accounts":[],"content":"English: Yo if you need guns lemme know.","factions":[]}
{"action":7,"origin":"ch3","date":"2024-12-13T01:18:44","phones":[],"objects":[],"characters":[3,1],"vehicles":[],"interiors":[],"accounts":[],"content":"English: I need me a rod fasho !","factions":[]}
{"action":7,"origin":"ch1","date":"2024-12-13T01:18:52","phones":[],"objects":[],"characters":[1,3],"vehicles":[],"interiors":[],"accounts":[],"content":"English: Hell yeah.","factions":[]}
{"action":7,"origin":"ch1","date":"2024-12-13T01:19:02","phones":[],"objects":[],"characters":[1,3],"vehicles":[],"interiors":[],"accounts":[],"content":"English: Get yourself a whip.","factions":[]}
{"action":4,"origin":"ch1","date":"2024-12-13T01:19:51","phones":[],"objects":[],"characters":[3],"vehicles":[],"interiors":[],"accounts":[],"content":"GIVEITEM Token (( House Token )) 1","factions":[]}
{"action":4,"origin":"ch1","date":"2024-12-13T01:20:06","phones":[],"objects":[],"characters":[3],"vehicles":[],"interiors":[],"accounts":[],"content":"GIVEITEM Token (( Vehicle Token )) 1","factions":[]}
{"action":40,"origin":"ch1","date":"2024-12-13T01:20:18","phones":[],"objects":[],"characters":[1,3],"vehicles":[],"interiors":[],"accounts":[],"content":"Garrett Lewison rolls their windows up.","factions":[]}
{"action":7,"origin":"ch1","date":"2024-12-13T01:20:33","phones":[],"objects":[],"characters":[1,3],"vehicles":[],"interiors":[],"accounts":[],"content":"English: Yo some nice rides here.","factions":[]}
{"action":8,"origin":"ch1","date":"2024-12-13T01:20:40","phones":[],"objects":[],"characters":[1,3],"vehicles":[],"interiors":[],"accounts":[],"content":"you got a vehicle and house token too :)","factions":[]}
{"action":7,"origin":"ch3","date":"2024-12-13T01:20:44","phones":[],"objects":[],"characters":[3,1],"vehicles":[],"interiors":[],"accounts":[],"content":"English: On God bro,","factions":[]}
{"action":8,"origin":"ch1","date":"2024-12-13T01:20:44","phones":[],"objects":[],"characters":[1,3],"vehicles":[],"interiors":[],"accounts":[],"content":"for xmas","factions":[]}
{"action":8,"origin":"ch3","date":"2024-12-13T01:21:47","phones":[],"objects":[],"characters":[1,3],"vehicles":[],"interiors":[],"accounts":[],"content":"bro im rusty at RP an Text RP","factions":[]}
{"action":8,"origin":"ch1","date":"2024-12-13T01:21:53","phones":[],"objects":[],"characters":[1,3],"vehicles":[],"interiors":[],"accounts":[],"content":"haha you good","factions":[]}
{"action":8,"origin":"ch1","date":"2024-12-13T01:22:06","phones":[],"objects":[],"characters":[1,3],"vehicles":[],"interiors":[],"accounts":[],"content":"we're cool with any level of RP really","factions":[]}
{"action":8,"origin":"ch1","date":"2024-12-13T01:22:09","phones":[],"objects":[],"characters":[1,3],"vehicles":[],"interiors":[],"accounts":[],"content":"<3","factions":[]}
{"action":8,"origin":"ch3","date":"2024-12-13T01:22:32","phones":[],"objects":[],"characters":[1,3],"vehicles":[],"interiors":[],"accounts":[],"content":"and bro i was on tiktok lookin at that YBN York server ts hard aab","factions":[]}
{"action":8,"origin":"ch1","date":"2024-12-13T01:22:48","phones":[],"objects":[],"characters":[1,3],"vehicles":[],"interiors":[],"accounts":[],"content":"lmao right","factions":[]}
{"action":40,"origin":"ch3","date":"2024-12-13T01:23:19","phones":[],"objects":[],"characters":[1,3],"vehicles":[],"interiors":[],"accounts":[],"content":"Keontez Reed locks the vehicle doors.","factions":[]}
{"action":31,"origin":"ch3","date":"2024-12-13T01:23:19","phones":[],"objects":[],"characters":[],"vehicles":[2],"interiors":[],"accounts":[],"content":"LOCK FROM INSIDE","factions":[]}
{"action":40,"origin":"ch3","date":"2024-12-13T01:23:22","phones":[],"objects":[],"characters":[1,3],"vehicles":[],"interiors":[],"accounts":[],"content":"Keontez Reed unlocks the vehicle doors.","factions":[]}
{"action":31,"origin":"ch3","date":"2024-12-13T01:23:22","phones":[],"objects":[],"characters":[],"vehicles":[2],"interiors":[],"accounts":[],"content":"UNLOCK FROM INSIDE","factions":[]}
{"action":31,"origin":"ch1","date":"2024-12-13T01:23:30","phones":[],"objects":[],"characters":[1],"vehicles":[2],"interiors":[],"accounts":[],"content":"STARTED ENGINE","factions":[]}
{"action":8,"origin":"ch1","date":"2024-12-13T01:23:54","phones":[],"objects":[],"characters":[1,3],"vehicles":[],"interiors":[],"accounts":[],"content":"I literally just threw this shit up a few days ago","factions":[]}
{"action":40,"origin":"ch3","date":"2024-12-13T01:24:04","phones":[],"objects":[],"characters":[1,3],"vehicles":[],"interiors":[],"accounts":[],"content":"Keontez Reed locks the vehicle doors.","factions":[]}
{"action":31,"origin":"ch3","date":"2024-12-13T01:24:04","phones":[],"objects":[],"characters":[],"vehicles":[2],"interiors":[],"accounts":[],"content":"LOCK FROM INSIDE","factions":[]}
{"action":8,"origin":"ch1","date":"2024-12-13T01:24:05","phones":[],"objects":[],"characters":[1,3],"vehicles":[],"interiors":[],"accounts":[],"content":"it's officially being released on the 19th","factions":[]}
{"action":8,"origin":"ch1","date":"2024-12-13T01:24:13","phones":[],"objects":[],"characters":[1,3],"vehicles":[],"interiors":[],"accounts":[],"content":"I haven't even done interiors yet cuz we gettin custom mapping in soon","factions":[]}
{"action":8,"origin":"ch3","date":"2024-12-13T01:24:31","phones":[],"objects":[],"characters":[1,3],"vehicles":[],"interiors":[],"accounts":[],"content":"im fw it what about the custom chars ?","factions":[]}
{"action":8,"origin":"ch1","date":"2024-12-13T01:24:44","phones":[],"objects":[],"characters":[1,3],"vehicles":[],"interiors":[],"accounts":[],"content":"yea we got custom skins shop on deck","factions":[]}
{"action":8,"origin":"ch1","date":"2024-12-13T01:24:47","phones":[],"objects":[],"characters":[1,3],"vehicles":[],"interiors":[],"accounts":[],"content":"so you can upload your favorite skins","factions":[]}
{"action":40,"origin":"ch3","date":"2024-12-13T01:24:49","phones":[],"objects":[],"characters":[1,3],"vehicles":[],"interiors":[],"accounts":[],"content":"Keontez Reed unlocks the vehicle doors.","factions":[]}
{"action":31,"origin":"ch3","date":"2024-12-13T01:24:49","phones":[],"objects":[],"characters":[],"vehicles":[2],"interiors":[],"accounts":[],"content":"UNLOCK FROM INSIDE","factions":[]}
{"action":40,"origin":"ch3","date":"2024-12-13T01:24:50","phones":[],"objects":[],"characters":[1,3],"vehicles":[],"interiors":[],"accounts":[],"content":"Keontez Reed locks the vehicle doors.","factions":[]}
{"action":31,"origin":"ch3","date":"2024-12-13T01:24:50","phones":[],"objects":[],"characters":[],"vehicles":[2],"interiors":[],"accounts":[],"content":"LOCK FROM INSIDE","factions":[]}
{"action":8,"origin":"ch1","date":"2024-12-13T01:25:02","phones":[],"objects":[],"characters":[1,3],"vehicles":[],"interiors":[],"accounts":[],"content":"shit is broken rn almost working","factions":[]}
{"action":8,"origin":"ch3","date":"2024-12-13T01:25:06","phones":[],"objects":[],"characters":[1,3],"vehicles":[],"interiors":[],"accounts":[],"content":"whats the cord to this","factions":[]}
{"action":8,"origin":"ch1","date":"2024-12-13T01:25:07","phones":[],"objects":[],"characters":[1,3],"vehicles":[],"interiors":[],"accounts":[],"content":"something with the item-system","factions":[]}
{"action":40,"origin":"ch3","date":"2024-12-13T01:25:12","phones":[],"objects":[],"characters":[1,3],"vehicles":[],"interiors":[],"accounts":[],"content":"Keontez Reed rolls their windows down.","factions":[]}
{"action":8,"origin":"ch1","date":"2024-12-13T01:25:15","phones":[],"objects":[],"characters":[1,3],"vehicles":[],"interiors":[],"accounts":[],"content":"discord.gg\/quantumrp","factions":[]}
{"action":40,"origin":"ch3","date":"2024-12-13T01:25:24","phones":[],"objects":[],"characters":[1,3],"vehicles":[],"interiors":[],"accounts":[],"content":"Keontez Reed rolls their windows up.","factions":[]}
{"action":40,"origin":"ch3","date":"2024-12-13T01:25:25","phones":[],"objects":[],"characters":[1,3],"vehicles":[],"interiors":[],"accounts":[],"content":"Keontez Reed rolls their windows down.","factions":[]}
{"action":40,"origin":"ch3","date":"2024-12-13T01:25:26","phones":[],"objects":[],"characters":[1,3],"vehicles":[],"interiors":[],"accounts":[],"content":"Keontez Reed buckles in their seatbelt.","factions":[]}
{"action":40,"origin":"ch3","date":"2024-12-13T01:25:28","phones":[],"objects":[],"characters":[1,3],"vehicles":[],"interiors":[],"accounts":[],"content":"Keontez Reed unbuckles their seatbelt.","factions":[]}
{"action":40,"origin":"ch3","date":"2024-12-13T01:25:29","phones":[],"objects":[],"characters":[1,3],"vehicles":[],"interiors":[],"accounts":[],"content":"Keontez Reed buckles in their seatbelt.","factions":[]}
{"action":40,"origin":"ch1","date":"2024-12-13T01:26:43","phones":[],"objects":[],"characters":[1,3],"vehicles":[],"interiors":[],"accounts":[],"content":"Garrett Lewison rolls their windows up.","factions":[]}
{"action":40,"origin":"ch1","date":"2024-12-13T01:26:45","phones":[],"objects":[],"characters":[1,3],"vehicles":[],"interiors":[],"accounts":[],"content":"Garrett Lewison unlocks the vehicle doors.","factions":[]}
{"action":31,"origin":"ch1","date":"2024-12-13T01:26:45","phones":[],"objects":[],"characters":[],"vehicles":[2],"interiors":[],"accounts":[],"content":"UNLOCK FROM INSIDE","factions":[]}
{"action":40,"origin":"ch3","date":"2024-12-13T01:26:48","phones":[],"objects":[],"characters":[1,3],"vehicles":[],"interiors":[],"accounts":[],"content":"Keontez Reed unbuckles their seatbelt.","factions":[]}
{"action":40,"origin":"ch1","date":"2024-12-13T01:26:52","phones":[],"objects":[],"characters":[1,3],"vehicles":[],"interiors":[],"accounts":[],"content":"Garrett Lewison presses on the key to lock the vehicle. ((2006 Ford Fusion))","factions":[]}
{"action":31,"origin":"ch1","date":"2024-12-13T01:26:52","phones":[],"objects":[],"characters":[],"vehicles":[2],"interiors":[],"accounts":[],"content":"LOCK FROM OUTSIDE","factions":[]}
{"action":31,"origin":"ch1","date":"2024-12-13T01:26:57","phones":[],"objects":[],"characters":[1],"vehicles":[],"interiors":[4],"accounts":[],"content":"ENTERED","factions":[]}
{"action":31,"origin":"ch3","date":"2024-12-13T01:26:59","phones":[],"objects":[],"characters":[3],"vehicles":[],"interiors":[4],"accounts":[],"content":"ENTERED","factions":[]}
{"action":40,"origin":"ch1","date":"2024-12-13T01:27:13","phones":[],"objects":[],"characters":[1,3],"vehicles":[],"interiors":[],"accounts":[],"content":"Garrett Lewison eats a sandwich.","factions":[]}
{"action":7,"origin":"ch1","date":"2024-12-13T01:27:23","phones":[],"objects":[],"characters":[1,3],"vehicles":[],"interiors":[4],"accounts":[],"content":"English: Sheesh I'm hungry.","factions":[]}
{"action":7,"origin":"ch3","date":"2024-12-13T01:27:36","phones":[],"objects":[],"characters":[3,1],"vehicles":[],"interiors":[4],"accounts":[],"content":"English: Mane me too ,","factions":[]}
{"action":40,"origin":"ch1","date":"2024-12-13T01:27:54","phones":[],"objects":[],"characters":[1,3],"vehicles":[],"interiors":[],"accounts":[],"content":"Garrett Lewison drinks a sprunk.","factions":[]}
{"action":27,"origin":"ac3","date":"2024-12-13T01:28:29","phones":[],"objects":[],"characters":[3],"vehicles":[],"interiors":[],"accounts":[3],"content":"Disconnected (Quit) (Name: Keontez_Reed)","factions":[]}
