{"action":27,"origin":"ac1","date":"2024-12-11T02:51:21","phones":[],"objects":[],"characters":[],"vehicles":[],"interiors":[],"accounts":[1],"content":"Connected from 107.10.49.163 - BE533B49B3D0888CD0EA595A18A33B80","factions":[]}
{"action":27,"origin":"ac1","date":"2024-12-11T02:51:29","phones":[],"objects":[],"characters":[1],"vehicles":[],"interiors":[],"accounts":[1],"content":"Spawned","factions":[]}
{"action":27,"origin":"ac1","date":"2024-12-11T04:59:52","phones":[],"objects":[],"characters":[],"vehicles":[],"interiors":[],"accounts":[1],"content":"Connected from 107.10.49.163 - BE533B49B3D0888CD0EA595A18A33B80","factions":[]}
{"action":27,"origin":"ac1","date":"2024-12-11T05:00:00","phones":[],"objects":[],"characters":[1],"vehicles":[],"interiors":[],"accounts":[1],"content":"Spawned","factions":[]}
{"action":27,"origin":"ac1","date":"2024-12-11T05:10:20","phones":[],"objects":[],"characters":[],"vehicles":[],"interiors":[],"accounts":[1],"content":"Connected from 107.10.49.163 - BE533B49B3D0888CD0EA595A18A33B80","factions":[]}
{"action":27,"origin":"ac1","date":"2024-12-11T05:10:28","phones":[],"objects":[],"characters":[1],"vehicles":[],"interiors":[],"accounts":[1],"content":"Spawned","factions":[]}
{"action":40,"origin":"ch1","date":"2024-12-11T05:16:36","phones":[],"objects":[],"characters":[1],"vehicles":[],"interiors":[],"accounts":[],"content":"Garrett Lewison changes their clothes.","factions":[]}
{"action":27,"origin":"ac1","date":"2024-12-11T06:45:51","phones":[],"objects":[],"characters":[],"vehicles":[],"interiors":[],"accounts":[1],"content":"Connected from 107.10.49.163 - BE533B49B3D0888CD0EA595A18A33B80","factions":[]}
{"action":27,"origin":"ac1","date":"2024-12-11T06:45:59","phones":[],"objects":[],"characters":[1],"vehicles":[],"interiors":[],"accounts":[1],"content":"Spawned","factions":[]}
{"action":39,"origin":"ch1","date":"2024-12-11T06:46:57","phones":[],"objects":[],"characters":[1],"vehicles":[],"interiors":[],"accounts":[],"content":"Garrett_Lewison -> ~World #22 - Clothes - 29 @ (2247.2908, -1664.7297, 14.476563) in (int 0, dim 0)","factions":[]}
{"action":40,"origin":"ch1","date":"2024-12-11T06:46:57","phones":[],"objects":[],"characters":[1],"vehicles":[],"interiors":[],"accounts":[],"content":"Garrett Lewison dropped a Clothes.","factions":[]}
{"action":39,"origin":"ch1","date":"2024-12-11T06:48:40","phones":[],"objects":[22],"characters":[],"vehicles":[],"interiors":[],"accounts":[],"content":"~World #22 @ (2247.2907714844, -1664.7297363281, 14.57656288147) in (int 0, dim 0) ->Garrett_Lewison - Clothes - 29","factions":[]}
{"action":40,"origin":"ch1","date":"2024-12-11T06:48:40","phones":[],"objects":[],"characters":[1],"vehicles":[],"interiors":[],"accounts":[],"content":"Garrett Lewison bends over and picks up a Clothes.","factions":[]}
{"action":40,"origin":"ch1","date":"2024-12-11T06:49:08","phones":[],"objects":[],"characters":[1],"vehicles":[],"interiors":[],"accounts":[],"content":"Garrett Lewison destroyed a Clothes.","factions":[]}
{"action":40,"origin":"ch1","date":"2024-12-11T06:49:09","phones":[],"objects":[],"characters":[1],"vehicles":[],"interiors":[],"accounts":[],"content":"Garrett Lewison destroyed a Clothes.","factions":[]}
{"action":40,"origin":"ch1","date":"2024-12-11T06:49:12","phones":[],"objects":[],"characters":[1],"vehicles":[],"interiors":[],"accounts":[],"content":"Garrett Lewison destroyed a Clothes.","factions":[]}
{"action":40,"origin":"ch1","date":"2024-12-11T06:49:19","phones":[],"objects":[],"characters":[1],"vehicles":[],"interiors":[],"accounts":[],"content":"Garrett Lewison changes their clothes.","factions":[]}
{"action":4,"origin":"ch1","date":"2024-12-11T07:03:17","phones":[],"objects":[],"characters":[1],"vehicles":[],"interiors":[],"accounts":[],"content":"ONLINE CHECK","factions":[]}
{"action":27,"origin":"ac1","date":"2024-12-11T07:16:05","phones":[],"objects":[],"characters":[],"vehicles":[],"interiors":[],"accounts":[1],"content":"Connected from 107.10.49.163 - BE533B49B3D0888CD0EA595A18A33B80","factions":[]}
{"action":27,"origin":"ac1","date":"2024-12-11T07:16:13","phones":[],"objects":[],"characters":[1],"vehicles":[],"interiors":[],"accounts":[1],"content":"Spawned","factions":[]}
{"action":40,"origin":"ch1","date":"2024-12-11T07:17:20","phones":[],"objects":[],"characters":[1],"vehicles":[],"interiors":[],"accounts":[],"content":"Garrett Lewison destroyed a Eggnog.","factions":[]}
{"action":40,"origin":"ch1","date":"2024-12-11T07:17:21","phones":[],"objects":[],"characters":[1],"vehicles":[],"interiors":[],"accounts":[],"content":"Garrett Lewison destroyed a Christmas Present.","factions":[]}
{"action":4,"origin":"ch1","date":"2024-12-11T07:17:50","phones":[],"objects":[],"characters":[1],"vehicles":[],"interiors":[],"accounts":[],"content":"ONLINE CHECK","factions":[]}
{"action":40,"origin":"ch1","date":"2024-12-11T07:18:11","phones":[],"objects":[],"characters":[1],"vehicles":[],"interiors":[],"accounts":[],"content":"Garrett Lewison destroyed a Clothes.","factions":[]}
{"action":39,"origin":"ch1","date":"2024-12-11T07:30:35","phones":[],"objects":[],"characters":[1],"vehicles":[],"interiors":[],"accounts":[],"content":"Garrett_Lewison -> ~World #23 - Ghettoblaster - 1 @ (2250.1685, -1664.2104, 14.469004) in (int 0, dim 0)","factions":[]}
{"action":40,"origin":"ch1","date":"2024-12-11T07:30:35","phones":[],"objects":[],"characters":[1],"vehicles":[],"interiors":[],"accounts":[],"content":"Garrett Lewison dropped a Ghettoblaster.","factions":[]}
{"action":39,"origin":"ch1","date":"2024-12-11T07:30:52","phones":[],"objects":[23],"characters":[],"vehicles":[],"interiors":[],"accounts":[],"content":"~World #23 @ (2250.1684570312, -1664.2104492188, 14.469003677368) in (int 0, dim 0) ->Garrett_Lewison - Ghettoblaster - 1","factions":[]}
{"action":40,"origin":"ch1","date":"2024-12-11T07:30:52","phones":[],"objects":[],"characters":[1],"vehicles":[],"interiors":[],"accounts":[],"content":"Garrett Lewison bends over and picks up a Ghettoblaster.","factions":[]}
{"action":39,"origin":"ch1","date":"2024-12-11T07:31:00","phones":[],"objects":[24],"characters":[],"vehicles":[],"interiors":[],"accounts":[],"content":"~World #24 @ (2249.6311035156, -1664.8770751953, 14.469003677368) in (int 0, dim 0) ->Garrett_Lewison - Ghettoblaster - 1","factions":[]}
{"action":40,"origin":"ch1","date":"2024-12-11T07:31:00","phones":[],"objects":[],"characters":[1],"vehicles":[],"interiors":[],"accounts":[],"content":"Garrett Lewison bends over and picks up a Ghettoblaster.","factions":[]}
{"action":39,"origin":"ch1","date":"2024-12-11T07:31:14","phones":[],"objects":[],"characters":[1],"vehicles":[],"interiors":[],"accounts":[],"content":"Garrett_Lewison -> ~World #25 - Ghettoblaster - 1 @ (2250.1936, -1665.683, 14.469004) in (int 0, dim 0)","factions":[]}
{"action":40,"origin":"ch1","date":"2024-12-11T07:31:14","phones":[],"objects":[],"characters":[1],"vehicles":[],"interiors":[],"accounts":[],"content":"Garrett Lewison dropped a Ghettoblaster.","factions":[]}
{"action":39,"origin":"ch1","date":"2024-12-11T07:31:17","phones":[],"objects":[],"characters":[1],"vehicles":[],"interiors":[],"accounts":[],"content":"Garrett_Lewison -> ~World #26 - Ghettoblaster - 1 @ (2250.3264, -1664.8518, 14.469004) in (int 0, dim 0)","factions":[]}
{"action":40,"origin":"ch1","date":"2024-12-11T07:31:17","phones":[],"objects":[],"characters":[1],"vehicles":[],"interiors":[],"accounts":[],"content":"Garrett Lewison dropped a Ghettoblaster.","factions":[]}
{"action":39,"origin":"ch1","date":"2024-12-11T07:31:18","phones":[],"objects":[26],"characters":[],"vehicles":[],"interiors":[],"accounts":[],"content":"~World #26 @ (2250.3264160156, -1664.8518066406, 14.469003677368) in (int 0, dim 0) ->Garrett_Lewison - Ghettoblaster - 1","factions":[]}
{"action":40,"origin":"ch1","date":"2024-12-11T07:31:18","phones":[],"objects":[],"characters":[1],"vehicles":[],"interiors":[],"accounts":[],"content":"Garrett Lewison bends over and picks up a Ghettoblaster.","factions":[]}
{"action":39,"origin":"ch1","date":"2024-12-11T07:39:39","phones":[],"objects":[25],"characters":[],"vehicles":[],"interiors":[],"accounts":[],"content":"~World #25 @ (2253.7883300781, -1664.3059082031, 14.469003677368) in (int 0, dim 0) ->Garrett_Lewison - Ghettoblaster - 1:12","factions":[]}
{"action":40,"origin":"ch1","date":"2024-12-11T07:39:39","phones":[],"objects":[],"characters":[1],"vehicles":[],"interiors":[],"accounts":[],"content":"Garrett Lewison bends over and picks up a Ghettoblaster.","factions":[]}
{"action":39,"origin":"ch1","date":"2024-12-11T07:40:25","phones":[],"objects":[],"characters":[1],"vehicles":[],"interiors":[],"accounts":[],"content":"Garrett_Lewison -> ~World #28 - Ghettoblaster - 1 @ (1952.4709, -1761.5792, 21.515625) in (int 0, dim 0)","factions":[]}
{"action":40,"origin":"ch1","date":"2024-12-11T07:40:25","phones":[],"objects":[],"characters":[1],"vehicles":[],"interiors":[],"accounts":[],"content":"Garrett Lewison dropped a Ghettoblaster.","factions":[]}
{"action":27,"origin":"ac1","date":"2024-12-11T07:42:20","phones":[],"objects":[],"characters":[1],"vehicles":[],"interiors":[],"accounts":[1],"content":"Disconnected (Quit) (Name: Garrett_Lewison)","factions":[]}
{"action":27,"origin":"ac1","date":"2024-12-11T18:14:09","phones":[],"objects":[],"characters":[],"vehicles":[],"interiors":[],"accounts":[1],"content":"Connected from 107.10.49.163 - BE533B49B3D0888CD0EA595A18A33B80","factions":[]}
{"action":27,"origin":"ac1","date":"2024-12-11T18:14:17","phones":[],"objects":[],"characters":[1],"vehicles":[],"interiors":[],"accounts":[1],"content":"Spawned","factions":[]}
{"action":27,"origin":"ac1","date":"2024-12-11T18:39:02","phones":[],"objects":[],"characters":[],"vehicles":[],"interiors":[],"accounts":[1],"content":"Connected from 107.10.49.163 - BE533B49B3D0888CD0EA595A18A33B80","factions":[]}
{"action":27,"origin":"ac1","date":"2024-12-11T18:39:10","phones":[],"objects":[],"characters":[1],"vehicles":[],"interiors":[],"accounts":[1],"content":"Spawned","factions":[]}
{"action":27,"origin":"ac1","date":"2024-12-11T18:55:42","phones":[],"objects":[],"characters":[1],"vehicles":[],"interiors":[],"accounts":[1],"content":"Disconnected (Quit) (Name: Garrett_Lewison)","factions":[]}
{"action":27,"origin":"ac1","date":"2024-12-11T18:58:11","phones":[],"objects":[],"characters":[],"vehicles":[],"interiors":[],"accounts":[1],"content":"Connected from 107.10.49.163 - BE533B49B3D0888CD0EA595A18A33B80","factions":[]}
{"action":27,"origin":"ac1","date":"2024-12-11T18:58:19","phones":[],"objects":[],"characters":[1],"vehicles":[],"interiors":[],"accounts":[1],"content":"Spawned","factions":[]}
{"action":4,"origin":"ch1","date":"2024-12-11T19:23:11","phones":[],"objects":[],"characters":[1],"vehicles":[],"interiors":[],"accounts":[],"content":"SETHP 100","factions":[]}
{"action":31,"origin":"ch1","date":"2024-12-11T19:29:01","phones":[],"objects":[],"characters":[1],"vehicles":[],"interiors":[3],"accounts":[],"content":"ENTERED","factions":[]}
{"action":31,"origin":"ch1","date":"2024-12-11T19:29:05","phones":[],"objects":[],"characters":[1],"vehicles":[],"interiors":[3],"accounts":[],"content":"EXITED","factions":[]}
{"action":31,"origin":"ch1","date":"2024-12-11T19:33:13","phones":[],"objects":[],"characters":[1],"vehicles":[],"interiors":[7],"accounts":[],"content":"ENTERED","factions":[]}
{"action":31,"origin":"ch1","date":"2024-12-11T19:33:23","phones":[],"objects":[],"characters":[1],"vehicles":[],"interiors":[7],"accounts":[],"content":"EXITED","factions":[]}
{"action":6,"origin":"ch1","date":"2024-12-11T19:34:27","phones":[],"objects":[],"characters":[],"vehicles":[2],"interiors":[],"accounts":[],"content":"BOUGHTNEWCAR Intruder (Custom Model ID #1, Price: $8,000)","factions":[]}
{"action":40,"origin":"ch1","date":"2024-12-11T19:34:35","phones":[],"objects":[],"characters":[1],"vehicles":[],"interiors":[],"accounts":[],"content":"Garrett Lewison presses on the key to unlock the vehicle. ((2006 Ford Fusion))","factions":[]}
{"action":31,"origin":"ch1","date":"2024-12-11T19:34:35","phones":[],"objects":[],"characters":[],"vehicles":[2],"interiors":[],"accounts":[],"content":"UNLOCK FROM OUTSIDE","factions":[]}
{"action":31,"origin":"ch1","date":"2024-12-11T19:34:40","phones":[],"objects":[],"characters":[1],"vehicles":[2],"interiors":[],"accounts":[],"content":"STARTED ENGINE","factions":[]}
{"action":31,"origin":"ch1","date":"2024-12-11T19:34:51","phones":[],"objects":[],"characters":[1],"vehicles":[2],"interiors":[],"accounts":[],"content":"STARTED ENGINE","factions":[]}
{"action":6,"origin":"ch1","date":"2024-12-11T19:36:38","phones":[],"objects":[],"characters":[],"vehicles":[2],"interiors":[],"accounts":[],"content":"PARK","factions":[]}
{"action":40,"origin":"ch1","date":"2024-12-11T19:36:41","phones":[],"objects":[],"characters":[1],"vehicles":[],"interiors":[],"accounts":[],"content":"Garrett Lewison presses on the key to lock the vehicle. ((2006 Ford Fusion))","factions":[]}
{"action":31,"origin":"ch1","date":"2024-12-11T19:36:41","phones":[],"objects":[],"characters":[],"vehicles":[2],"interiors":[],"accounts":[],"content":"LOCK FROM OUTSIDE","factions":[]}
{"action":40,"origin":"ch1","date":"2024-12-11T20:08:25","phones":[],"objects":[],"characters":[1],"vehicles":[],"interiors":[],"accounts":[],"content":"Garrett Lewison presses on the key to unlock the vehicle. ((2006 Ford Fusion))","factions":[]}
{"action":31,"origin":"ch1","date":"2024-12-11T20:08:25","phones":[],"objects":[],"characters":[],"vehicles":[2],"interiors":[],"accounts":[],"content":"UNLOCK FROM OUTSIDE","factions":[]}
{"action":6,"origin":"ch1","date":"2024-12-11T20:08:29","phones":[],"objects":[],"characters":[],"vehicles":[2],"interiors":[],"accounts":[],"content":"PARK","factions":[]}
{"action":40,"origin":"ch1","date":"2024-12-11T20:08:34","phones":[],"objects":[],"characters":[1],"vehicles":[],"interiors":[],"accounts":[],"content":"Garrett Lewison presses on the key to lock the vehicle. ((2006 Ford Fusion))","factions":[]}
{"action":31,"origin":"ch1","date":"2024-12-11T20:08:34","phones":[],"objects":[],"characters":[],"vehicles":[2],"interiors":[],"accounts":[],"content":"LOCK FROM OUTSIDE","factions":[]}
{"action":27,"origin":"ac1","date":"2024-12-11T20:08:40","phones":[],"objects":[],"characters":[1],"vehicles":[],"interiors":[],"accounts":[1],"content":"Disconnected (Quit) (Name: Garrett_Lewison)","factions":[]}
