{"action":27,"origin":"ac1","date":"2024-12-14T04:25:10","phones":[],"objects":[],"characters":[1],"vehicles":[],"interiors":[],"accounts":[1],"content":"Spawned","factions":[]}
{"action":31,"origin":"ch1","date":"2024-12-14T04:27:01","phones":[],"objects":[],"characters":[],"vehicles":[],"interiors":[11],"accounts":[],"content":"LOCK INTERIOR","factions":[]}
{"action":31,"origin":"ch1","date":"2024-12-14T04:27:02","phones":[],"objects":[],"characters":[],"vehicles":[],"interiors":[11],"accounts":[],"content":"UNLOCK INTERIOR","factions":[]}
{"action":31,"origin":"ch1","date":"2024-12-14T04:27:04","phones":[],"objects":[],"characters":[],"vehicles":[],"interiors":[11],"accounts":[],"content":"LOCK INTERIOR","factions":[]}
{"action":31,"origin":"ch1","date":"2024-12-14T04:27:30","phones":[],"objects":[],"characters":[],"vehicles":[],"interiors":[11],"accounts":[],"content":"UNLOCK INTERIOR","factions":[]}
{"action":31,"origin":"ch1","date":"2024-12-14T04:27:31","phones":[],"objects":[],"characters":[1],"vehicles":[],"interiors":[11],"accounts":[],"content":"ENTERED","factions":[]}
{"action":37,"origin":"ch1","date":"2024-12-14T04:27:36","phones":[],"objects":[],"characters":[],"vehicles":[],"interiors":[11],"accounts":[],"content":"setintprice 40000","factions":[]}
{"action":31,"origin":"ch1","date":"2024-12-14T04:27:38","phones":[],"objects":[],"characters":[1],"vehicles":[],"interiors":[11],"accounts":[],"content":"EXITED","factions":[]}
{"action":31,"origin":"ch1","date":"2024-12-14T04:27:42","phones":[],"objects":[],"characters":[1],"vehicles":[],"interiors":[11],"accounts":[],"content":"ENTERED","factions":[]}
{"action":31,"origin":"ch1","date":"2024-12-14T04:27:45","phones":[],"objects":[],"characters":[1],"vehicles":[],"interiors":[11],"accounts":[],"content":"EXITED","factions":[]}
{"action":31,"origin":"ch1","date":"2024-12-14T04:27:46","phones":[],"objects":[],"characters":[],"vehicles":[],"interiors":[11],"accounts":[],"content":"LOCK INTERIOR","factions":[]}
{"action":37,"origin":"ch1","date":"2024-12-14T04:41:01","phones":[],"objects":[],"characters":[],"vehicles":[],"interiors":[12],"accounts":[],"content":"ADDINTERIOR T:0 I:67 C:40000","factions":[]}
{"action":37,"origin":"ch1","date":"2024-12-14T04:41:41","phones":[],"objects":[],"characters":[],"vehicles":[],"interiors":[13],"accounts":[],"content":"ADDINTERIOR T:0 I:67 C:40000","factions":[]}
{"action":37,"origin":"ch1","date":"2024-12-14T04:42:22","phones":[],"objects":[],"characters":[],"vehicles":[],"interiors":[14],"accounts":[],"content":"ADDINTERIOR T:0 I:67 C:40000","factions":[]}
{"action":31,"origin":"ch1","date":"2024-12-14T04:42:25","phones":[],"objects":[],"characters":[1],"vehicles":[],"interiors":[14],"accounts":[],"content":"ENTERED","factions":[]}
{"action":31,"origin":"ch1","date":"2024-12-14T04:42:34","phones":[],"objects":[],"characters":[1],"vehicles":[],"interiors":[14],"accounts":[],"content":"EXITED","factions":[]}
{"action":37,"origin":"ch1","date":"2024-12-14T04:43:16","phones":[],"objects":[],"characters":[],"vehicles":[],"interiors":[15],"accounts":[],"content":"ADDINTERIOR T:0 I:67 C:40000","factions":[]}
{"action":37,"origin":"ch1","date":"2024-12-14T04:43:26","phones":[],"objects":[],"characters":[],"vehicles":[],"interiors":[16],"accounts":[],"content":"ADDINTERIOR T:0 I:67 C:40000","factions":[]}
{"action":37,"origin":"ch1","date":"2024-12-14T04:43:36","phones":[],"objects":[],"characters":[],"vehicles":[],"interiors":[17],"accounts":[],"content":"ADDINTERIOR T:0 I:67 C:40000","factions":[]}
{"action":37,"origin":"ch1","date":"2024-12-14T04:43:44","phones":[],"objects":[],"characters":[],"vehicles":[],"interiors":[18],"accounts":[],"content":"ADDINTERIOR T:0 I:67 C:40000","factions":[]}
{"action":37,"origin":"ch1","date":"2024-12-14T04:43:57","phones":[],"objects":[],"characters":[],"vehicles":[],"interiors":[19],"accounts":[],"content":"ADDINTERIOR T:0 I:67 C:40000","factions":[]}
{"action":37,"origin":"ch1","date":"2024-12-14T04:53:11","phones":[],"objects":[],"characters":[],"vehicles":[],"interiors":[20],"accounts":[],"content":"ADDINTERIOR T:0 I:86 C:80000","factions":[]}
{"action":37,"origin":"ch1","date":"2024-12-14T04:55:20","phones":[],"objects":[],"characters":[],"vehicles":[],"interiors":[21],"accounts":[],"content":"ADDINTERIOR T:0 I:87 C:60000","factions":[]}
{"action":31,"origin":"ch1","date":"2024-12-14T04:55:25","phones":[],"objects":[],"characters":[1],"vehicles":[],"interiors":[21],"accounts":[],"content":"ENTERED","factions":[]}
{"action":31,"origin":"ch1","date":"2024-12-14T04:55:35","phones":[],"objects":[],"characters":[1],"vehicles":[],"interiors":[21],"accounts":[],"content":"EXITED","factions":[]}
{"action":37,"origin":"ch1","date":"2024-12-14T04:55:58","phones":[],"objects":[],"characters":[],"vehicles":[],"interiors":[22],"accounts":[],"content":"ADDINTERIOR T:0 I:87 C:70000","factions":[]}
{"action":37,"origin":"ch1","date":"2024-12-14T04:56:40","phones":[],"objects":[],"characters":[],"vehicles":[],"interiors":[23],"accounts":[],"content":"ADDINTERIOR T:0 I:94 C:60000","factions":[]}
{"action":37,"origin":"ch1","date":"2024-12-14T04:57:42","phones":[],"objects":[],"characters":[],"vehicles":[],"interiors":[24],"accounts":[],"content":"ADDINTERIOR T:0 I:94 C:60000","factions":[]}
{"action":37,"origin":"ch1","date":"2024-12-14T04:58:52","phones":[],"objects":[],"characters":[],"vehicles":[],"interiors":[25],"accounts":[],"content":"ADDINTERIOR T:0 I:76 C:55000","factions":[]}
{"action":37,"origin":"ch1","date":"2024-12-14T04:59:22","phones":[],"objects":[],"characters":[],"vehicles":[],"interiors":[26],"accounts":[],"content":"ADDINTERIOR T:0 I:80 C:80000","factions":[]}
{"action":31,"origin":"ch1","date":"2024-12-14T04:59:26","phones":[],"objects":[],"characters":[1],"vehicles":[],"interiors":[26],"accounts":[],"content":"ENTERED","factions":[]}
{"action":31,"origin":"ch1","date":"2024-12-14T04:59:59","phones":[],"objects":[],"characters":[1],"vehicles":[],"interiors":[26],"accounts":[],"content":"EXITED","factions":[]}
{"action":37,"origin":"ch1","date":"2024-12-14T05:02:09","phones":[],"objects":[],"characters":[],"vehicles":[],"interiors":[27],"accounts":[],"content":"ADDINTERIOR T:0 I:87 C:60000","factions":[]}
{"action":31,"origin":"ch1","date":"2024-12-14T05:02:16","phones":[],"objects":[],"characters":[1],"vehicles":[],"interiors":[27],"accounts":[],"content":"ENTERED","factions":[]}
{"action":31,"origin":"ch1","date":"2024-12-14T05:02:23","phones":[],"objects":[],"characters":[1],"vehicles":[],"interiors":[27],"accounts":[],"content":"EXITED","factions":[]}
{"action":37,"origin":"ch1","date":"2024-12-14T05:02:36","phones":[],"objects":[],"characters":[],"vehicles":[],"interiors":[28],"accounts":[],"content":"ADDINTERIOR T:0 I:87 C:60000","factions":[]}
{"action":37,"origin":"ch1","date":"2024-12-14T05:02:48","phones":[],"objects":[],"characters":[],"vehicles":[],"interiors":[29],"accounts":[],"content":"ADDINTERIOR T:0 I:87 C:60000","factions":[]}
{"action":37,"origin":"ch1","date":"2024-12-14T05:03:01","phones":[],"objects":[],"characters":[],"vehicles":[],"interiors":[30],"accounts":[],"content":"ADDINTERIOR T:0 I:87 C:60000","factions":[]}
{"action":37,"origin":"ch1","date":"2024-12-14T05:03:20","phones":[],"objects":[],"characters":[],"vehicles":[],"interiors":[31],"accounts":[],"content":"ADDINTERIOR T:0 I:87 C:60000","factions":[]}
{"action":27,"origin":"ac1","date":"2024-12-14T05:14:25","phones":[],"objects":[],"characters":[1],"vehicles":[],"interiors":[],"accounts":[1],"content":"Disconnected (Quit) (Name: Garrett_Lewison)","factions":[]}
{"action":27,"origin":"ac1","date":"2024-12-14T05:15:22","phones":[],"objects":[],"characters":[],"vehicles":[],"interiors":[],"accounts":[1],"content":"Connected from 107.10.49.163 - BE533B49B3D0888CD0EA595A18A33B80","factions":[]}
{"action":27,"origin":"ac1","date":"2024-12-14T05:15:30","phones":[],"objects":[],"characters":[1],"vehicles":[],"interiors":[],"accounts":[1],"content":"Spawned","factions":[]}
{"action":27,"origin":"ac1","date":"2024-12-14T05:16:48","phones":[],"objects":[],"characters":[1],"vehicles":[],"interiors":[],"accounts":[1],"content":"Disconnected (Quit) (Name: Garrett_Lewison)","factions":[]}
{"action":27,"origin":"ac1","date":"2024-12-14T05:24:13","phones":[],"objects":[],"characters":[],"vehicles":[],"interiors":[],"accounts":[1],"content":"Connected from 107.10.49.163 - BE533B49B3D0888CD0EA595A18A33B80","factions":[]}
{"action":27,"origin":"ac1","date":"2024-12-14T05:24:21","phones":[],"objects":[],"characters":[1],"vehicles":[],"interiors":[],"accounts":[1],"content":"Spawned","factions":[]}
{"action":37,"origin":"ch1","date":"2024-12-14T05:25:26","phones":[],"objects":[],"characters":[],"vehicles":[],"interiors":[32],"accounts":[],"content":"ADDINTERIOR T:0 I:87 C:60000","factions":[]}
{"action":37,"origin":"ch1","date":"2024-12-14T05:25:35","phones":[],"objects":[],"characters":[],"vehicles":[],"interiors":[33],"accounts":[],"content":"ADDINTERIOR T:0 I:87 C:60000","factions":[]}
{"action":37,"origin":"ch1","date":"2024-12-14T05:25:45","phones":[],"objects":[],"characters":[],"vehicles":[],"interiors":[34],"accounts":[],"content":"ADDINTERIOR T:0 I:87 C:60000","factions":[]}
{"action":37,"origin":"ch1","date":"2024-12-14T05:27:25","phones":[],"objects":[],"characters":[],"vehicles":[],"interiors":[35],"accounts":[],"content":"ADDINTERIOR T:0 I:100 C:70000","factions":[]}
{"action":31,"origin":"ch1","date":"2024-12-14T05:27:29","phones":[],"objects":[],"characters":[1],"vehicles":[],"interiors":[35],"accounts":[],"content":"ENTERED","factions":[]}
{"action":31,"origin":"ch1","date":"2024-12-14T05:27:36","phones":[],"objects":[],"characters":[1],"vehicles":[],"interiors":[35],"accounts":[],"content":"EXITED","factions":[]}
{"action":37,"origin":"ch1","date":"2024-12-14T05:28:06","phones":[],"objects":[],"characters":[],"vehicles":[],"interiors":[36],"accounts":[],"content":"ADDINTERIOR T:0 I:87 C:60000","factions":[]}
{"action":37,"origin":"ch1","date":"2024-12-14T05:28:14","phones":[],"objects":[],"characters":[],"vehicles":[],"interiors":[37],"accounts":[],"content":"ADDINTERIOR T:0 I:87 C:60000","factions":[]}
{"action":37,"origin":"ch1","date":"2024-12-14T05:28:21","phones":[],"objects":[],"characters":[],"vehicles":[],"interiors":[38],"accounts":[],"content":"ADDINTERIOR T:0 I:87 C:60000","factions":[]}
{"action":4,"origin":"ch1","date":"2024-12-14T05:32:44","phones":[],"objects":[],"characters":[1],"vehicles":[],"interiors":[],"accounts":[],"content":"SETHP 100","factions":[]}
{"action":37,"origin":"ch1","date":"2024-12-14T05:36:47","phones":[],"objects":[],"characters":[],"vehicles":[],"interiors":[39],"accounts":[],"content":"ADDINTERIOR T:0 I:87 C:60000","factions":[]}
{"action":37,"origin":"ch1","date":"2024-12-14T05:37:58","phones":[],"objects":[],"characters":[],"vehicles":[],"interiors":[40],"accounts":[],"content":"ADDINTERIOR T:0 I:87 C:65000","factions":[]}
{"action":31,"origin":"ch1","date":"2024-12-14T05:38:06","phones":[],"objects":[],"characters":[1],"vehicles":[],"interiors":[40],"accounts":[],"content":"ENTERED","factions":[]}
{"action":37,"origin":"ch1","date":"2024-12-14T05:38:14","phones":[],"objects":[],"characters":[],"vehicles":[],"interiors":[40],"accounts":[],"content":"setintprice 66000","factions":[]}
{"action":31,"origin":"ch1","date":"2024-12-14T05:38:15","phones":[],"objects":[],"characters":[1],"vehicles":[],"interiors":[40],"accounts":[],"content":"EXITED","factions":[]}
{"action":37,"origin":"ch1","date":"2024-12-14T05:39:34","phones":[],"objects":[],"characters":[],"vehicles":[],"interiors":[41],"accounts":[],"content":"ADDINTERIOR T:0 I:87 C:55000","factions":[]}
{"action":37,"origin":"ch1","date":"2024-12-14T05:39:48","phones":[],"objects":[],"characters":[],"vehicles":[],"interiors":[42],"accounts":[],"content":"ADDINTERIOR T:0 I:87 C:55000","factions":[]}
{"action":37,"origin":"ch1","date":"2024-12-14T05:40:08","phones":[],"objects":[],"characters":[],"vehicles":[],"interiors":[43],"accounts":[],"content":"ADDINTERIOR T:0 I:87 C:62000","factions":[]}
{"action":37,"origin":"ch1","date":"2024-12-14T05:40:44","phones":[],"objects":[],"characters":[],"vehicles":[],"interiors":[44],"accounts":[],"content":"ADDINTERIOR T:0 I:87 C:58000","factions":[]}
{"action":37,"origin":"ch1","date":"2024-12-14T05:44:26","phones":[],"objects":[],"characters":[],"vehicles":[],"interiors":[45],"accounts":[],"content":"ADDINTERIOR T:1 I:2 C:50000","factions":[]}
{"action":31,"origin":"ch1","date":"2024-12-14T05:44:29","phones":[],"objects":[],"characters":[1],"vehicles":[],"interiors":[45],"accounts":[],"content":"ENTERED","factions":[]}
{"action":31,"origin":"ch1","date":"2024-12-14T05:44:32","phones":[],"objects":[],"characters":[1],"vehicles":[],"interiors":[45],"accounts":[],"content":"EXITED","factions":[]}
{"action":31,"origin":"ch1","date":"2024-12-14T05:44:39","phones":[],"objects":[],"characters":[1],"vehicles":[],"interiors":[45],"accounts":[],"content":"ENTERED","factions":[]}
{"action":37,"origin":"ch1","date":"2024-12-14T05:44:44","phones":[],"objects":[],"characters":[],"vehicles":[],"interiors":[45],"accounts":[],"content":"setintprice 65000","factions":[]}
{"action":31,"origin":"ch1","date":"2024-12-14T05:44:44","phones":[],"objects":[],"characters":[1],"vehicles":[],"interiors":[45],"accounts":[],"content":"EXITED","factions":[]}
{"action":31,"origin":"ch1","date":"2024-12-14T05:45:23","phones":[],"objects":[],"characters":[1],"vehicles":[],"interiors":[44],"accounts":[],"content":"ENTERED","factions":[]}
{"action":37,"origin":"ch1","date":"2024-12-14T05:45:28","phones":[],"objects":[],"characters":[],"vehicles":[],"interiors":[44],"accounts":[],"content":"setintprice 55000","factions":[]}
{"action":31,"origin":"ch1","date":"2024-12-14T05:45:30","phones":[],"objects":[],"characters":[1],"vehicles":[],"interiors":[44],"accounts":[],"content":"EXITED","factions":[]}
{"action":37,"origin":"ch1","date":"2024-12-14T05:46:04","phones":[],"objects":[],"characters":[],"vehicles":[],"interiors":[46],"accounts":[],"content":"ADDINTERIOR T:1 I:3 C:80000","factions":[]}
{"action":31,"origin":"ch1","date":"2024-12-14T05:46:07","phones":[],"objects":[],"characters":[1],"vehicles":[],"interiors":[46],"accounts":[],"content":"ENTERED","factions":[]}
{"action":31,"origin":"ch1","date":"2024-12-14T05:46:10","phones":[],"objects":[],"characters":[1],"vehicles":[],"interiors":[46],"accounts":[],"content":"EXITED","factions":[]}
{"action":37,"origin":"ch1","date":"2024-12-14T05:48:20","phones":[],"objects":[],"characters":[],"vehicles":[],"interiors":[47],"accounts":[],"content":"ADDINTERIOR T:0 I:94 C:60000","factions":[]}
{"action":37,"origin":"ch1","date":"2024-12-14T05:48:30","phones":[],"objects":[],"characters":[],"vehicles":[],"interiors":[48],"accounts":[],"content":"ADDINTERIOR T:0 I:94 C:60000","factions":[]}
{"action":37,"origin":"ch1","date":"2024-12-14T05:49:07","phones":[],"objects":[],"characters":[],"vehicles":[],"interiors":[49],"accounts":[],"content":"ADDINTERIOR T:0 I:100 C:63000","factions":[]}
{"action":31,"origin":"ch1","date":"2024-12-14T05:49:13","phones":[],"objects":[],"characters":[1],"vehicles":[],"interiors":[49],"accounts":[],"content":"ENTERED","factions":[]}
{"action":37,"origin":"ch1","date":"2024-12-14T05:49:16","phones":[],"objects":[],"characters":[],"vehicles":[],"interiors":[49],"accounts":[],"content":"setintprice 64000","factions":[]}
{"action":31,"origin":"ch1","date":"2024-12-14T05:49:18","phones":[],"objects":[],"characters":[1],"vehicles":[],"interiors":[49],"accounts":[],"content":"EXITED","factions":[]}
{"action":37,"origin":"ch1","date":"2024-12-14T05:49:36","phones":[],"objects":[],"characters":[],"vehicles":[],"interiors":[50],"accounts":[],"content":"ADDINTERIOR T:0 I:100 C:60000","factions":[]}
{"action":37,"origin":"ch1","date":"2024-12-14T05:50:14","phones":[],"objects":[],"characters":[],"vehicles":[],"interiors":[51],"accounts":[],"content":"ADDINTERIOR T:0 I:98 C:60000","factions":[]}
{"action":37,"origin":"ch1","date":"2024-12-14T05:50:31","phones":[],"objects":[],"characters":[],"vehicles":[],"interiors":[52],"accounts":[],"content":"ADDINTERIOR T:0 I:98 C:60000","factions":[]}
{"action":37,"origin":"ch1","date":"2024-12-14T05:50:45","phones":[],"objects":[],"characters":[],"vehicles":[],"interiors":[53],"accounts":[],"content":"ADDINTERIOR T:0 I:98 C:60000","factions":[]}
{"action":37,"origin":"ch1","date":"2024-12-14T05:50:54","phones":[],"objects":[],"characters":[],"vehicles":[],"interiors":[54],"accounts":[],"content":"ADDINTERIOR T:0 I:98 C:60000","factions":[]}
{"action":37,"origin":"ch1","date":"2024-12-14T05:52:15","phones":[],"objects":[],"characters":[],"vehicles":[],"interiors":[55],"accounts":[],"content":"ADDINTERIOR T:0 I:119 C:30000","factions":[]}
{"action":37,"origin":"ch1","date":"2024-12-14T05:52:23","phones":[],"objects":[],"characters":[],"vehicles":[],"interiors":[56],"accounts":[],"content":"ADDINTERIOR T:0 I:119 C:30000","factions":[]}
{"action":31,"origin":"ch1","date":"2024-12-14T05:52:26","phones":[],"objects":[],"characters":[1],"vehicles":[],"interiors":[55],"accounts":[],"content":"ENTERED","factions":[]}
{"action":31,"origin":"ch1","date":"2024-12-14T05:52:29","phones":[],"objects":[],"characters":[1],"vehicles":[],"interiors":[55],"accounts":[],"content":"EXITED","factions":[]}
{"action":31,"origin":"ch1","date":"2024-12-14T05:52:32","phones":[],"objects":[],"characters":[1],"vehicles":[],"interiors":[56],"accounts":[],"content":"ENTERED","factions":[]}
{"action":31,"origin":"ch1","date":"2024-12-14T05:52:34","phones":[],"objects":[],"characters":[1],"vehicles":[],"interiors":[56],"accounts":[],"content":"EXITED","factions":[]}
{"action":37,"origin":"ch1","date":"2024-12-14T05:52:40","phones":[],"objects":[],"characters":[],"vehicles":[],"interiors":[57],"accounts":[],"content":"ADDINTERIOR T:0 I:119 C:30000","factions":[]}
{"action":37,"origin":"ch1","date":"2024-12-14T05:52:46","phones":[],"objects":[],"characters":[],"vehicles":[],"interiors":[58],"accounts":[],"content":"ADDINTERIOR T:0 I:119 C:30000","factions":[]}
{"action":37,"origin":"ch1","date":"2024-12-14T05:52:52","phones":[],"objects":[],"characters":[],"vehicles":[],"interiors":[59],"accounts":[],"content":"ADDINTERIOR T:0 I:119 C:30000","factions":[]}
{"action":37,"origin":"ch1","date":"2024-12-14T05:52:57","phones":[],"objects":[],"characters":[],"vehicles":[],"interiors":[60],"accounts":[],"content":"ADDINTERIOR T:0 I:119 C:30000","factions":[]}
{"action":37,"origin":"ch1","date":"2024-12-14T05:53:02","phones":[],"objects":[],"characters":[],"vehicles":[],"interiors":[61],"accounts":[],"content":"ADDINTERIOR T:0 I:119 C:30000","factions":[]}
{"action":37,"origin":"ch1","date":"2024-12-14T05:53:08","phones":[],"objects":[],"characters":[],"vehicles":[],"interiors":[62],"accounts":[],"content":"ADDINTERIOR T:0 I:119 C:30000","factions":[]}
{"action":37,"origin":"ch1","date":"2024-12-14T05:58:27","phones":[],"objects":[],"characters":[],"vehicles":[],"interiors":[63],"accounts":[],"content":"ADDINTERIOR T:2 I:169 C:0","factions":[]}
{"action":37,"origin":"ch1","date":"2024-12-14T05:58:38","phones":[],"objects":[],"characters":[],"vehicles":[],"interiors":[64],"accounts":[],"content":"ADDINTERIOR T:2 I:169 C:0","factions":[]}
{"action":37,"origin":"ch1","date":"2024-12-14T05:59:05","phones":[],"objects":[],"characters":[],"vehicles":[],"interiors":[65],"accounts":[],"content":"ADDINTERIOR T:2 I:169 C:0","factions":[]}
{"action":37,"origin":"ch1","date":"2024-12-14T05:59:14","phones":[],"objects":[],"characters":[],"vehicles":[],"interiors":[66],"accounts":[],"content":"ADDINTERIOR T:2 I:169 C:0","factions":[]}
{"action":37,"origin":"ch1","date":"2024-12-14T06:00:23","phones":[],"objects":[],"characters":[],"vehicles":[],"interiors":[67],"accounts":[],"content":"ADDINTERIOR T:2 I:169 C:0","factions":[]}
{"action":37,"origin":"ch1","date":"2024-12-14T06:00:48","phones":[],"objects":[],"characters":[],"vehicles":[],"interiors":[68],"accounts":[],"content":"ADDINTERIOR T:2 I:169 C:0","factions":[]}
{"action":37,"origin":"ch1","date":"2024-12-14T06:00:58","phones":[],"objects":[],"characters":[],"vehicles":[],"interiors":[69],"accounts":[],"content":"ADDINTERIOR T:2 I:169 C:0","factions":[]}
{"action":37,"origin":"ch1","date":"2024-12-14T06:01:05","phones":[],"objects":[],"characters":[],"vehicles":[],"interiors":[70],"accounts":[],"content":"ADDINTERIOR T:2 I:169 C:0","factions":[]}
{"action":37,"origin":"ch1","date":"2024-12-14T06:01:15","phones":[],"objects":[],"characters":[],"vehicles":[],"interiors":[71],"accounts":[],"content":"ADDINTERIOR T:2 I:169 C:0","factions":[]}
{"action":37,"origin":"ch1","date":"2024-12-14T06:05:48","phones":[],"objects":[],"characters":[],"vehicles":[],"interiors":[72],"accounts":[],"content":"ADDINTERIOR T:1 I:14 C:75000","factions":[]}
{"action":31,"origin":"ch1","date":"2024-12-14T06:05:51","phones":[],"objects":[],"characters":[1],"vehicles":[],"interiors":[72],"accounts":[],"content":"ENTERED","factions":[]}
{"action":37,"origin":"ch1","date":"2024-12-14T06:05:59","phones":[],"objects":[],"characters":[],"vehicles":[],"interiors":[72],"accounts":[],"content":"setintprice 76000","factions":[]}
{"action":31,"origin":"ch1","date":"2024-12-14T06:06:03","phones":[],"objects":[],"characters":[1],"vehicles":[],"interiors":[72],"accounts":[],"content":"EXITED","factions":[]}
{"action":40,"origin":"ch1","date":"2024-12-14T06:06:11","phones":[],"objects":[],"characters":[1],"vehicles":[],"interiors":[],"accounts":[],"content":"Garrett Lewison changes their clothes.","factions":[]}
{"action":37,"origin":"ch1","date":"2024-12-14T06:08:03","phones":[],"objects":[],"characters":[],"vehicles":[],"interiors":[73],"accounts":[],"content":"ADDINTERIOR T:1 I:11 C:25000","factions":[]}
{"action":37,"origin":"ch1","date":"2024-12-14T06:09:06","phones":[],"objects":[],"characters":[],"vehicles":[],"interiors":[74],"accounts":[],"content":"ADDINTERIOR T:1 I:15 C:25000","factions":[]}
{"action":31,"origin":"ch1","date":"2024-12-14T06:09:29","phones":[],"objects":[],"characters":[1],"vehicles":[],"interiors":[73],"accounts":[],"content":"ENTERED","factions":[]}
{"action":31,"origin":"ch1","date":"2024-12-14T06:09:38","phones":[],"objects":[],"characters":[1],"vehicles":[],"interiors":[73],"accounts":[],"content":"EXITED","factions":[]}
{"action":39,"origin":"ch1","date":"2024-12-14T06:11:29","phones":[],"objects":[46],"characters":[],"vehicles":[],"interiors":[],"accounts":[],"content":"~World #46 @ (1971.8015136719, -1760.9542236328, 12.546875) in (int 0, dim 0) ->Garrett_Lewison - Shell Casing - 9mm casing","factions":[]}
{"action":40,"origin":"ch1","date":"2024-12-14T06:11:29","phones":[],"objects":[],"characters":[1],"vehicles":[],"interiors":[],"accounts":[],"content":"Garrett Lewison bends over and picks up a Shell Casing.","factions":[]}
{"action":13,"origin":"ch1","date":"2024-12-14T06:11:49","phones":[],"objects":[],"characters":[1],"vehicles":[],"interiors":[],"accounts":[],"content":"You'd hear a series of loud pistol gunshots echoing throughout the vicinity","factions":[]}
{"action":39,"origin":"ch1","date":"2024-12-14T06:12:02","phones":[],"objects":[47],"characters":[],"vehicles":[],"interiors":[],"accounts":[],"content":"~World #47 @ (1970.8629150391, -1758.5090332031, 12.546875) in (int 0, dim 0) ->Garrett_Lewison - Shell Casing - 7 casings of .45","factions":[]}
{"action":40,"origin":"ch1","date":"2024-12-14T06:12:02","phones":[],"objects":[],"characters":[1],"vehicles":[],"interiors":[],"accounts":[],"content":"Garrett Lewison bends over and picks up a Shell Casing.","factions":[]}
{"action":37,"origin":"ch1","date":"2024-12-14T06:12:28","phones":[],"objects":[],"characters":[],"vehicles":[],"interiors":[75],"accounts":[],"content":"ADDINTERIOR T:1 I:166 C:75000","factions":[]}
{"action":31,"origin":"ch1","date":"2024-12-14T06:12:31","phones":[],"objects":[],"characters":[1],"vehicles":[],"interiors":[75],"accounts":[],"content":"ENTERED","factions":[]}
{"action":31,"origin":"ch1","date":"2024-12-14T06:12:35","phones":[],"objects":[],"characters":[1],"vehicles":[],"interiors":[75],"accounts":[],"content":"EXITED","factions":[]}
{"action":37,"origin":"ch1","date":"2024-12-14T06:12:48","phones":[],"objects":[],"characters":[],"vehicles":[],"interiors":[76],"accounts":[],"content":"ADDINTERIOR T:1 I:166 C:75000","factions":[]}
{"action":31,"origin":"ch1","date":"2024-12-14T06:12:54","phones":[],"objects":[],"characters":[1],"vehicles":[],"interiors":[76],"accounts":[],"content":"ENTERED","factions":[]}
{"action":37,"origin":"ch1","date":"2024-12-14T06:12:58","phones":[],"objects":[],"characters":[],"vehicles":[],"interiors":[76],"accounts":[],"content":"setintprice 76000","factions":[]}
{"action":31,"origin":"ch1","date":"2024-12-14T06:12:59","phones":[],"objects":[],"characters":[1],"vehicles":[],"interiors":[76],"accounts":[],"content":"EXITED","factions":[]}
{"action":31,"origin":"ch1","date":"2024-12-14T06:13:08","phones":[],"objects":[],"characters":[1],"vehicles":[],"interiors":[75],"accounts":[],"content":"ENTERED","factions":[]}
{"action":37,"origin":"ch1","date":"2024-12-14T06:13:14","phones":[],"objects":[],"characters":[],"vehicles":[],"interiors":[75],"accounts":[],"content":"setintprice 76000","factions":[]}
{"action":31,"origin":"ch1","date":"2024-12-14T06:13:16","phones":[],"objects":[],"characters":[1],"vehicles":[],"interiors":[75],"accounts":[],"content":"EXITED","factions":[]}
{"action":31,"origin":"ch1","date":"2024-12-14T06:13:31","phones":[],"objects":[],"characters":[1],"vehicles":[],"interiors":[3],"accounts":[],"content":"ENTERED","factions":[]}
{"action":40,"origin":"ch1","date":"2024-12-14T06:13:48","phones":[],"objects":[],"characters":[1],"vehicles":[],"interiors":[],"accounts":[],"content":"Garrett Lewison looks inside their pack of cigarettes, and takes one out.","factions":[]}
{"action":40,"origin":"ch1","date":"2024-12-14T06:13:49","phones":[],"objects":[],"characters":[1],"vehicles":[],"interiors":[],"accounts":[],"content":"Garrett Lewison lights up a cigarette.","factions":[]}
{"action":31,"origin":"ch1","date":"2024-12-14T06:15:03","phones":[],"objects":[],"characters":[1],"vehicles":[],"interiors":[3],"accounts":[],"content":"EXITED","factions":[]}
{"action":39,"origin":"ch1","date":"2024-12-14T06:15:10","phones":[],"objects":[],"characters":[1],"vehicles":[],"interiors":[],"accounts":[],"content":"Garrett_Lewison -> ~World #48 - Ghettoblaster - 1:12 @ (1930.3566, -1781.4896, 12.546875) in (int 0, dim 0)","factions":[]}
{"action":40,"origin":"ch1","date":"2024-12-14T06:15:10","phones":[],"objects":[],"characters":[1],"vehicles":[],"interiors":[],"accounts":[],"content":"Garrett Lewison dropped a Ghettoblaster.","factions":[]}
{"action":39,"origin":"ch1","date":"2024-12-14T06:16:03","phones":[],"objects":[48],"characters":[],"vehicles":[],"interiors":[],"accounts":[],"content":"~World #48 @ (1930.3565673828, -1781.4896240234, 12.546875) in (int 0, dim 0) ->Garrett_Lewison - Ghettoblaster - 5:12","factions":[]}
{"action":40,"origin":"ch1","date":"2024-12-14T06:16:03","phones":[],"objects":[],"characters":[1],"vehicles":[],"interiors":[],"accounts":[],"content":"Garrett Lewison bends over and picks up a Ghettoblaster.","factions":[]}
{"action":37,"origin":"ch1","date":"2024-12-14T06:18:09","phones":[],"objects":[],"characters":[],"vehicles":[],"interiors":[77],"accounts":[],"content":"ADDINTERIOR T:3 I:77 C:200","factions":[]}
{"action":37,"origin":"ch1","date":"2024-12-14T06:18:14","phones":[],"objects":[],"characters":[],"vehicles":[],"interiors":[78],"accounts":[],"content":"ADDINTERIOR T:3 I:77 C:200","factions":[]}
{"action":37,"origin":"ch1","date":"2024-12-14T06:18:19","phones":[],"objects":[],"characters":[],"vehicles":[],"interiors":[79],"accounts":[],"content":"ADDINTERIOR T:3 I:77 C:200","factions":[]}
{"action":37,"origin":"ch1","date":"2024-12-14T06:18:23","phones":[],"objects":[],"characters":[],"vehicles":[],"interiors":[80],"accounts":[],"content":"ADDINTERIOR T:3 I:77 C:200","factions":[]}
{"action":37,"origin":"ch1","date":"2024-12-14T06:18:28","phones":[],"objects":[],"characters":[],"vehicles":[],"interiors":[81],"accounts":[],"content":"ADDINTERIOR T:3 I:77 C:200","factions":[]}
{"action":37,"origin":"ch1","date":"2024-12-14T06:18:33","phones":[],"objects":[],"characters":[],"vehicles":[],"interiors":[82],"accounts":[],"content":"ADDINTERIOR T:3 I:77 C:200","factions":[]}
{"action":37,"origin":"ch1","date":"2024-12-14T06:18:39","phones":[],"objects":[],"characters":[],"vehicles":[],"interiors":[83],"accounts":[],"content":"ADDINTERIOR T:3 I:77 C:200","factions":[]}
{"action":37,"origin":"ch1","date":"2024-12-14T06:18:45","phones":[],"objects":[],"characters":[],"vehicles":[],"interiors":[84],"accounts":[],"content":"ADDINTERIOR T:3 I:77 C:200","factions":[]}
{"action":37,"origin":"ch1","date":"2024-12-14T06:18:52","phones":[],"objects":[],"characters":[],"vehicles":[],"interiors":[85],"accounts":[],"content":"ADDINTERIOR T:3 I:77 C:200","factions":[]}
{"action":37,"origin":"ch1","date":"2024-12-14T06:19:05","phones":[],"objects":[],"characters":[],"vehicles":[],"interiors":[86],"accounts":[],"content":"ADDINTERIOR T:3 I:77 C:200","factions":[]}
{"action":37,"origin":"ch1","date":"2024-12-14T06:19:11","phones":[],"objects":[],"characters":[],"vehicles":[],"interiors":[87],"accounts":[],"content":"ADDINTERIOR T:3 I:77 C:200","factions":[]}
{"action":37,"origin":"ch1","date":"2024-12-14T06:19:19","phones":[],"objects":[],"characters":[],"vehicles":[],"interiors":[88],"accounts":[],"content":"ADDINTERIOR T:3 I:77 C:200","factions":[]}
{"action":37,"origin":"ch1","date":"2024-12-14T06:19:24","phones":[],"objects":[],"characters":[],"vehicles":[],"interiors":[89],"accounts":[],"content":"ADDINTERIOR T:3 I:77 C:200","factions":[]}
{"action":37,"origin":"ch1","date":"2024-12-14T06:19:28","phones":[],"objects":[],"characters":[],"vehicles":[],"interiors":[90],"accounts":[],"content":"ADDINTERIOR T:3 I:77 C:200","factions":[]}
{"action":37,"origin":"ch1","date":"2024-12-14T06:19:32","phones":[],"objects":[],"characters":[],"vehicles":[],"interiors":[91],"accounts":[],"content":"ADDINTERIOR T:3 I:77 C:200","factions":[]}
{"action":37,"origin":"ch1","date":"2024-12-14T06:19:36","phones":[],"objects":[],"characters":[],"vehicles":[],"interiors":[92],"accounts":[],"content":"ADDINTERIOR T:3 I:77 C:200","factions":[]}
{"action":37,"origin":"ch1","date":"2024-12-14T06:19:41","phones":[],"objects":[],"characters":[],"vehicles":[],"interiors":[93],"accounts":[],"content":"ADDINTERIOR T:3 I:77 C:200","factions":[]}
{"action":37,"origin":"ch1","date":"2024-12-14T06:19:45","phones":[],"objects":[],"characters":[],"vehicles":[],"interiors":[94],"accounts":[],"content":"ADDINTERIOR T:3 I:77 C:200","factions":[]}
{"action":37,"origin":"ch1","date":"2024-12-14T06:19:49","phones":[],"objects":[],"characters":[],"vehicles":[],"interiors":[95],"accounts":[],"content":"ADDINTERIOR T:3 I:77 C:200","factions":[]}
{"action":31,"origin":"ch1","date":"2024-12-14T06:19:53","phones":[],"objects":[],"characters":[1],"vehicles":[],"interiors":[95],"accounts":[],"content":"ENTERED","factions":[]}
{"action":31,"origin":"ch1","date":"2024-12-14T06:19:56","phones":[],"objects":[],"characters":[1],"vehicles":[],"interiors":[95],"accounts":[],"content":"EXITED","factions":[]}
{"action":6,"origin":"ch1","date":"2024-12-14T06:45:40","phones":[],"objects":[],"characters":[],"vehicles":[5],"interiors":[],"accounts":[],"content":"gotoveh","factions":[]}
{"action":40,"origin":"ch1","date":"2024-12-14T06:45:44","phones":[],"objects":[],"characters":[1],"vehicles":[],"interiors":[],"accounts":[],"content":"Garrett Lewison destroyed a Vehicle Key (2019 Ford Explorer).","factions":[]}
{"action":6,"origin":"ch1","date":"2024-12-14T06:45:47","phones":[],"objects":[],"characters":[],"vehicles":[6],"interiors":[],"accounts":[],"content":"gotoveh","factions":[]}
{"action":40,"origin":"ch1","date":"2024-12-14T06:45:50","phones":[],"objects":[],"characters":[1],"vehicles":[],"interiors":[],"accounts":[],"content":"Garrett Lewison destroyed a Vehicle Key (2023 Kia Seltos).","factions":[]}
{"action":40,"origin":"ch1","date":"2024-12-14T07:00:43","phones":[],"objects":[],"characters":[1],"vehicles":[],"interiors":[],"accounts":[],"content":"Garrett Lewison takes out his Cellphone.","factions":[]}
{"action":40,"origin":"ch1","date":"2024-12-14T07:01:14","phones":[],"objects":[],"characters":[1],"vehicles":[],"interiors":[],"accounts":[],"content":"Garrett Lewison puts down his Cellphone.","factions":[]}
{"action":6,"origin":"ch1","date":"2024-12-14T07:05:29","phones":[],"objects":[],"characters":[1],"vehicles":[],"interiors":[],"accounts":[],"content":" Created new vehicle #21 in library.","factions":[]}
{"action":6,"origin":"ch1","date":"2024-12-14T07:05:39","phones":[],"objects":[],"characters":[1],"vehicles":[],"interiors":[],"accounts":[],"content":" Updated vehicle #21 from library.","factions":[]}
{"action":6,"origin":"ch1","date":"2024-12-14T07:06:29","phones":[],"objects":[],"characters":[1],"vehicles":[],"interiors":[],"accounts":[],"content":" Created new vehicle #22 in library.","factions":[]}
{"action":6,"origin":"ch1","date":"2024-12-14T07:06:42","phones":[],"objects":[],"characters":[1],"vehicles":[],"interiors":[],"accounts":[],"content":" Updated vehicle #22 from library.","factions":[]}
{"action":6,"origin":"ch1","date":"2024-12-14T07:06:47","phones":[],"objects":[],"characters":[1],"vehicles":[],"interiors":[],"accounts":[],"content":" Updated vehicle #21 from library.","factions":[]}
{"action":6,"origin":"ch1","date":"2024-12-14T07:08:04","phones":[],"objects":[],"characters":[1],"vehicles":[],"interiors":[],"accounts":[],"content":" Created new vehicle #23 in library.","factions":[]}
{"action":6,"origin":"ch1","date":"2024-12-14T07:08:13","phones":[],"objects":[],"characters":[1],"vehicles":[],"interiors":[],"accounts":[],"content":" Updated vehicle #23 from library.","factions":[]}
{"action":4,"origin":"ch1","date":"2024-12-14T07:08:17","phones":[],"objects":[],"characters":[1],"vehicles":[],"interiors":[],"accounts":[],"content":"RESETCARSHOP","factions":[]}
{"action":6,"origin":"ch1","date":"2024-12-14T07:08:28","phones":[],"objects":[],"characters":[],"vehicles":[7],"interiors":[],"accounts":[],"content":"BOUGHTNEWCAR BMX (Custom Model ID #23, Price: $400)","factions":[]}
{"action":40,"origin":"ch1","date":"2024-12-14T07:08:30","phones":[],"objects":[],"characters":[1],"vehicles":[],"interiors":[],"accounts":[],"content":"Garrett Lewison presses on the key to lock the vehicle. ((2004 Mirra Pro))","factions":[]}
{"action":31,"origin":"ch1","date":"2024-12-14T07:08:30","phones":[],"objects":[],"characters":[],"vehicles":[7],"interiors":[],"accounts":[],"content":"LOCK FROM OUTSIDE","factions":[]}
{"action":40,"origin":"ch1","date":"2024-12-14T07:08:31","phones":[],"objects":[],"characters":[1],"vehicles":[],"interiors":[],"accounts":[],"content":"Garrett Lewison presses on the key to unlock the vehicle. ((2004 Mirra Pro))","factions":[]}
{"action":31,"origin":"ch1","date":"2024-12-14T07:08:31","phones":[],"objects":[],"characters":[],"vehicles":[7],"interiors":[],"accounts":[],"content":"UNLOCK FROM OUTSIDE","factions":[]}
{"action":31,"origin":"ch1","date":"2024-12-14T07:08:32","phones":[],"objects":[],"characters":[],"vehicles":[7],"interiors":[],"accounts":[],"content":"Got in and reset last used because vehicle is engineless.","factions":[]}
{"action":31,"origin":"ch1","date":"2024-12-14T07:09:34","phones":[],"objects":[],"characters":[],"vehicles":[7],"interiors":[],"accounts":[],"content":"Got in and reset last used because vehicle is engineless.","factions":[]}
{"action":6,"origin":"ch1","date":"2024-12-14T07:11:05","phones":[],"objects":[],"characters":[],"vehicles":[7],"interiors":[],"accounts":[],"content":"PARK","factions":[]}
{"action":31,"origin":"ch1","date":"2024-12-14T07:11:12","phones":[],"objects":[],"characters":[],"vehicles":[7],"interiors":[],"accounts":[],"content":"Got in and reset last used because vehicle is engineless.","factions":[]}
{"action":31,"origin":"ch1","date":"2024-12-14T07:11:20","phones":[],"objects":[],"characters":[],"vehicles":[7],"interiors":[],"accounts":[],"content":"Got in and reset last used because vehicle is engineless.","factions":[]}
{"action":27,"origin":"ac1","date":"2024-12-14T07:12:47","phones":[],"objects":[],"characters":[1],"vehicles":[],"interiors":[],"accounts":[1],"content":"Disconnected (Quit) (Name: Garrett_Lewison)","factions":[]}
{"action":27,"origin":"ac9","date":"2024-12-14T22:44:56","phones":[],"objects":[],"characters":[],"vehicles":[],"interiors":[],"accounts":[9],"content":"Connected from 81.18.88.201 - B1EA3F43D52068F1DD2C19388090CE03","factions":[]}
{"action":27,"origin":"ac9","date":"2024-12-14T22:46:35","phones":[],"objects":[],"characters":[0],"vehicles":[],"interiors":[],"accounts":[9],"content":"Disconnected (Quit) (Name: Quantum.Player.3236)","factions":[]}
{"action":27,"origin":"ac7","date":"2024-12-15T00:39:55","phones":[],"objects":[],"characters":[],"vehicles":[],"interiors":[],"accounts":[7],"content":"Connected from 72.132.151.144 - 22CFD9D4E2BA2533A780832E02C6AB31","factions":[]}
